<?xml version="1.0" encoding="UTF-8"?>
<Site BuildName="Win32-ninja"
	BuildStamp="20260120-0742-Experimental"
	Name="woop"
	Generator="ctest-4.2.1"
	CompilerName="C:/Program Files (x86)/Microsoft Visual Studio/18/BuildTools/VC/Tools/MSVC/14.50.35717/bin/Hostx64/x64/cl.exe"
	CompilerVersion="19.50.35722.0"
	OSName="Windows"
	Hostname="woop"
	OSRelease="10.0.26200"
	OSVersion="Windows 10"
	OSPlatform="AMD64"
	Is64Bits="1"
	VendorString="AuthenticAMD"
	VendorID="Advanced Micro Devices"
	FamilyID="15"
	ModelID="4"
	ModelName="AMD Ryzen 7 9800X3D 8-Core Processor"
	ProcessorCacheSize="80"
	NumberOfLogicalCPU="16"
	NumberOfPhysicalCPU="8"
	TotalVirtualMemory="39313"
	TotalPhysicalMemory="31889"
	LogicalProcessorsPerPhysical="2"
	ProcessorClockFrequency="4700"
	>
	<Testing>
		<StartDateTime>Jan 20 02:32 Pacific Standard Time</StartDateTime>
		<StartTestTime>1768905159</StartTestTime>
		<TestList/>
		<EndDateTime>Jan 20 02:32 Pacific Standard Time</EndDateTime>
		<EndTestTime>1768905159</EndTestTime>
		<ElapsedMinutes>0</ElapsedMinutes>
	</Testing>
</Site>
